<?xml version="1.0" encoding="UTF-8"?>
<testsuite name="com.example.getty.GStackTest" tests="1" skipped="0" failures="0" errors="0" timestamp="2019-02-21T11:31:08" hostname="U-VM" time="0.03">
  <properties/>
  <testcase name="testPop" classname="com.example.getty.GStackTest" time="0.03"/>
  <system-out><![CDATA[Chicory warning: ClassFile: junit.framework.TestCase - classfile version (49) is out of date and may not be processed correctly.
Chicory warning: ClassFile: junit.framework.Test - classfile version (49) is out of date and may not be processed correctly.
Chicory warning: ClassFile: junit.framework.Assert - classfile version (49) is out of date and may not be processed correctly.
Chicory warning: ClassFile: org.junit.runner.Request - classfile version (49) is out of date and may not be processed correctly.
Chicory warning: ClassFile: org.junit.runners.model.InitializationError - classfile version (49) is out of date and may not be processed correctly.
Chicory warning: ClassFile: org.junit.runners.model.RunnerBuilder - classfile version (49) is out of date and may not be processed correctly.
Chicory warning: ClassFile: org.junit.internal.builders.AllDefaultPossibilitiesBuilder - classfile version (49) is out of date and may not be processed correctly.
Chicory warning: ClassFile: org.junit.internal.requests.ClassRequest - classfile version (49) is out of date and may not be processed correctly.
Chicory warning: ClassFile: org.junit.runner.Request$1 - classfile version (49) is out of date and may not be processed correctly.
Chicory warning: ClassFile: org.junit.runner.Runner - classfile version (49) is out of date and may not be processed correctly.
Chicory warning: ClassFile: org.junit.runner.Describable - classfile version (49) is out of date and may not be processed correctly.
Chicory warning: ClassFile: org.junit.internal.runners.ErrorReportingRunner - classfile version (49) is out of date and may not be processed correctly.
Chicory warning: ClassFile: org.junit.internal.requests.SortingRequest - classfile version (49) is out of date and may not be processed correctly.
Chicory warning: ClassFile: org.junit.internal.requests.FilterRequest - classfile version (49) is out of date and may not be processed correctly.
Chicory warning: ClassFile: org.junit.internal.builders.SuiteMethodBuilder - classfile version (49) is out of date and may not be processed correctly.
Chicory warning: ClassFile: org.junit.internal.builders.NullBuilder - classfile version (49) is out of date and may not be processed correctly.
Chicory warning: ClassFile: org.junit.internal.builders.IgnoredBuilder - classfile version (49) is out of date and may not be processed correctly.
Chicory warning: ClassFile: org.junit.internal.builders.IgnoredClassRunner - classfile version (49) is out of date and may not be processed correctly.
Chicory warning: ClassFile: org.junit.internal.builders.AnnotatedBuilder - classfile version (49) is out of date and may not be processed correctly.
Chicory warning: ClassFile: org.junit.internal.runners.SuiteMethod - classfile version (49) is out of date and may not be processed correctly.
Chicory warning: ClassFile: org.junit.internal.runners.JUnit38ClassRunner - classfile version (49) is out of date and may not be processed correctly.
Chicory warning: ClassFile: org.junit.runner.manipulation.Filterable - classfile version (49) is out of date and may not be processed correctly.
Chicory warning: ClassFile: org.junit.runner.manipulation.Sortable - classfile version (49) is out of date and may not be processed correctly.
Chicory warning: ClassFile: org.junit.internal.builders.JUnit3Builder - classfile version (49) is out of date and may not be processed correctly.
Chicory warning: ClassFile: org.junit.internal.builders.JUnit4Builder - classfile version (49) is out of date and may not be processed correctly.
Chicory warning: ClassFile: org.junit.runners.BlockJUnit4ClassRunner - classfile version (49) is out of date and may not be processed correctly.
Chicory warning: ClassFile: org.junit.runners.ParentRunner - classfile version (49) is out of date and may not be processed correctly.
Chicory warning: ClassFile: org.junit.Ignore - classfile version (49) is out of date and may not be processed correctly.
Chicory warning: ClassFile: org.junit.runner.RunWith - classfile version (49) is out of date and may not be processed correctly.
Chicory warning: ClassFile: junit.framework.AssertionFailedError - classfile version (49) is out of date and may not be processed correctly.
Chicory warning: ClassFile: junit.framework.ComparisonFailure - classfile version (49) is out of date and may not be processed correctly.
Chicory warning: ClassFile: junit.framework.TestResult - classfile version (49) is out of date and may not be processed correctly.
Chicory warning: ClassFile: junit.framework.TestListener - classfile version (49) is out of date and may not be processed correctly.
Chicory warning: ClassFile: junit.framework.TestSuite - classfile version (49) is out of date and may not be processed correctly.
Chicory warning: ClassFile: org.junit.internal.MethodSorter - classfile version (49) is out of date and may not be processed correctly.
Chicory warning: ClassFile: org.junit.internal.MethodSorter$1 - classfile version (49) is out of date and may not be processed correctly.
Chicory warning: ClassFile: org.junit.internal.MethodSorter$2 - classfile version (49) is out of date and may not be processed correctly.
Chicory warning: ClassFile: org.junit.FixMethodOrder - classfile version (49) is out of date and may not be processed correctly.
Chicory warning: ClassFile: org.junit.runner.Description - classfile version (49) is out of date and may not be processed correctly.
Chicory warning: ClassFile: org.junit.runner.manipulation.Filter - classfile version (49) is out of date and may not be processed correctly.
Chicory warning: ClassFile: org.junit.runner.manipulation.Filter$1 - classfile version (49) is out of date and may not be processed correctly.
Chicory warning: ClassFile: org.junit.runner.manipulation.Filter$3 - classfile version (49) is out of date and may not be processed correctly.
Chicory warning: ClassFile: org.junit.runner.manipulation.Filter$2 - classfile version (49) is out of date and may not be processed correctly.
Chicory warning: ClassFile: org.junit.runner.notification.RunNotifier - classfile version (49) is out of date and may not be processed correctly.
Chicory warning: ClassFile: org.junit.runner.notification.SynchronizedRunListener - classfile version (49) is out of date and may not be processed correctly.
Chicory warning: ClassFile: org.junit.runner.notification.StoppedByUserException - classfile version (49) is out of date and may not be processed correctly.
Chicory warning: ClassFile: org.junit.runner.notification.RunListener$ThreadSafe - classfile version (49) is out of date and may not be processed correctly.
Chicory warning: ClassFile: junit.framework.Protectable - classfile version (49) is out of date and may not be processed correctly.
Chicory warning: ClassFile: org.junit.internal.runners.JUnit38ClassRunner$OldTestClassAdaptingListener - classfile version (49) is out of date and may not be processed correctly.
Chicory warning: ClassFile: org.junit.runner.notification.RunNotifier$3 - classfile version (49) is out of date and may not be processed correctly.
Chicory warning: ClassFile: org.junit.runner.notification.RunNotifier$SafeNotifier - classfile version (49) is out of date and may not be processed correctly.
Chicory warning: ClassFile: junit.framework.TestResult$1 - classfile version (49) is out of date and may not be processed correctly.
Chicory warning: ClassFile: org.junit.runner.notification.RunNotifier$7 - classfile version (49) is out of date and may not be processed correctly.
]]></system-out>
  <system-err><![CDATA[]]></system-err>
</testsuite>
